#-----------------------------------------------------------
# Vivado v2018.3 (64-bit)
# SW Build 2405991 on Thu Dec  6 23:38:27 MST 2018
# IP Build 2404404 on Fri Dec  7 01:43:56 MST 2018
# Start of session at: Mon Apr 26 16:36:30 2021
# Process ID: 7448
# Current directory: C:/Users/zahra/Documents/01- L3 EEA First Semester/01- Casse Brique/04- Tache03_MODE_Gestion de Jeu/Simulation_Mode_PartieGagnée_PartiePerdue
# Command line: vivado.exe -gui_launcher_event rodinguilauncherevent6276 C:\Users\zahra\Documents\01- L3 EEA First Semester\01- Casse Brique\04- Tache03_MODE_Gestion de Jeu\Simulation_Mode_PartieGagnée_PartiePerdue\Simulation_Mode_PartieGagnée_PartiePerdue.xpr
# Log file: C:/Users/zahra/Documents/01- L3 EEA First Semester/01- Casse Brique/04- Tache03_MODE_Gestion de Jeu/Simulation_Mode_PartieGagnée_PartiePerdue/vivado.log
# Journal file: C:/Users/zahra/Documents/01- L3 EEA First Semester/01- Casse Brique/04- Tache03_MODE_Gestion de Jeu/Simulation_Mode_PartieGagnée_PartiePerdue\vivado.jou
#-----------------------------------------------------------
start_gui
open_project {C:/Users/zahra/Documents/01- L3 EEA First Semester/01- Casse Brique/04- Tache03_MODE_Gestion de Jeu/Simulation_Mode_PartieGagnée_PartiePerdue/Simulation_Mode_PartieGagnée_PartiePerdue.xpr}
INFO: [ProjectBase 1-489] The host OS only allows 260 characters in a normal path. The project is stored in a path with more than 80 characters. If you experience issues with IP, Block Designs, or files not being found, please consider moving the project to a location with a shorter path. Alternately consider using the OS subst command to map part of the path to a drive letter.
Current project path is 'C:/Users/zahra/Documents/01- L3 EEA First Semester/01- Casse Brique/04- Tache03_MODE_Gestion de Jeu/Simulation_Mode_PartieGagnée_PartiePerdue'
CRITICAL WARNING: [Project 1-19] Could not find the file 'C:/Users/zahra/Documents/01- L3 EEA First Semester/01- Casse Brique/04- Tache03_MODE_Gestion de Jeu/02-VHDL/project_Test_Mode/SIMU_behav.wcfg'.
Scanning sources...
Finished scanning sources
INFO: [IP_Flow 19-234] Refreshing IP repositories
INFO: [IP_Flow 19-1704] No user IP repositories specified
INFO: [IP_Flow 19-2313] Loaded Vivado IP repository 'C:/Xilinx/Vivado/2018.3/data/ip'.
open_project: Time (s): cpu = 00:00:34 ; elapsed = 00:00:19 . Memory (MB): peak = 705.809 ; gain = 83.445
update_compile_order -fileset sources_1
synth_design -rtl -name rtl_1
Command: synth_design -rtl -name rtl_1
Starting synth_design
Using part: xc7a100tcsg324-3
Top: Mode
---------------------------------------------------------------------------------
Starting RTL Elaboration : Time (s): cpu = 00:00:05 ; elapsed = 00:00:06 . Memory (MB): peak = 789.551 ; gain = 63.020
-----exit
INFO: [Common 17-206] Exiting Vivado at Mon Apr 26 16:59:26 2021...
---
INFO: [Synth 8-638] synthesizing module 'Mode' [C:/Users/zahra/Documents/01- L3 EEA First Semester/01- Casse Brique/04- Tache03_MODE_Gestion de Jeu/Simulation_Mode_PartieGagnée_PartiePerdue/Simulation_Mode_PartieGagnée_PartiePerdue.srcs/sources_1/new/mode.vhd:33]
INFO: [Synth 8-638] synthesizing module 'MAE' [C:/Users/zahra/Documents/01- L3 EEA First Semester/01- Casse Brique/04- Tache03_MODE_Gestion de Jeu/Simulation_Mode_PartieGagnée_PartiePerdue/Simulation_Mode_PartieGagnée_PartiePerdue.srcs/sources_1/new/mae.vhd:38]
INFO: [Synth 8-256] done synthesizing module 'MAE' (1#1) [C:/Users/zahra/Documents/01- L3 EEA First Semester/01- Casse Brique/04- Tache03_MODE_Gestion de Jeu/Simulation_Mode_PartieGagnée_PartiePerdue/Simulation_Mode_PartieGagnée_PartiePerdue.srcs/sources_1/new/mae.vhd:38]
INFO: [Synth 8-638] synthesizing module 'Tempo_Pause' [C:/Users/zahra/Documents/01- L3 EEA First Semester/01- Casse Brique/04- Tache03_MODE_Gestion de Jeu/Simulation_Mode_PartieGagnée_PartiePerdue/Simulation_Mode_PartieGagnée_PartiePerdue.srcs/sources_1/new/Tempo_pause.vhd:38]
INFO: [Synth 8-226] default block is never used [C:/Users/zahra/Documents/01- L3 EEA First Semester/01- Casse Brique/04- Tache03_MODE_Gestion de Jeu/Simulation_Mode_PartieGagnée_PartiePerdue/Simulation_Mode_PartieGagnée_PartiePerdue.srcs/sources_1/new/Tempo_pause.vhd:59]
WARNING: [Synth 8-614] signal 'cpt' is read in the process but is not in the sensitivity list [C:/Users/zahra/Documents/01- L3 EEA First Semester/01- Casse Brique/04- Tache03_MODE_Gestion de Jeu/Simulation_Mode_PartieGagnée_PartiePerdue/Simulation_Mode_PartieGagnée_PartiePerdue.srcs/sources_1/new/Tempo_pause.vhd:47]
INFO: [Synth 8-256] done synthesizing module 'Tempo_Pause' (2#1) [C:/Users/zahra/Documents/01- L3 EEA First Semester/01- Casse Brique/04- Tache03_MODE_Gestion de Jeu/Simulation_Mode_PartieGagnée_PartiePerdue/Simulation_Mode_PartieGagnée_PartiePerdue.srcs/sources_1/new/Tempo_pause.vhd:38]
INFO: [Synth 8-638] synthesizing module 'Timer_Lost' [C:/Users/zahra/Documents/01- L3 EEA First Semester/01- Casse Brique/04- Tache03_MODE_Gestion de Jeu/Simulation_Mode_PartieGagnée_PartiePerdue/Simulation_Mode_PartieGagnée_PartiePerdue.srcs/sources_1/new/Timer_Lost.vhd:36]
INFO: [Synth 8-256] done synthesizing module 'Timer_Lost' (3#1) [C:/Users/zahra/Documents/01- L3 EEA First Semester/01- Casse Brique/04- Tache03_MODE_Gestion de Jeu/Simulation_Mode_PartieGagnée_PartiePerdue/Simulation_Mode_PartieGagnée_PartiePerdue.srcs/sources_1/new/Timer_Lost.vhd:36]
INFO: [Synth 8-256] done synthesizing module 'Mode' (4#1) [C:/Users/zahra/Documents/01- L3 EEA First Semester/01- Casse Brique/04- Tache03_MODE_Gestion de Jeu/Simulation_Mode_PartieGagnée_PartiePerdue/Simulation_Mode_PartieGagnée_PartiePerdue.srcs/sources_1/new/mode.vhd:33]
